{
  "RSpec": {
    "coverage": {
      "/Users/duc4nh/Rth/happy-shop/spec/support/api_helpers.rb": [
        1,
        null
      ],
      "/Users/duc4nh/Rth/happy-shop/spec/models/product_spec.rb": [
        1,
        null,
        1,
        null,
        1,
        null,
        1,
        2,
        2,
        2,
        2,
        2,
        2,
        2,
        null,
        null,
        null
      ],
      "/Users/duc4nh/Rth/happy-shop/app/models/product.rb": [
        null,
        null,
        null,
        null,
        null,
        null,
        null,
        null,
        null,
        null,
        null,
        null,
        null,
        null,
        null,
        null,
        1,
        1,
        null,
        1,
        null
      ],
      "/Users/duc4nh/Rth/happy-shop/app/models/application_record.rb": [
        1,
        1,
        null
      ],
      "/Users/duc4nh/Rth/happy-shop/app/models/concerns/sortable.rb": [
        1,
        1,
        null,
        1,
        1,
        1,
        1,
        1,
        1,
        1,
        1,
        0,
        0,
        null,
        null,
        null
      ]
    },
    "timestamp": 1520051423
  }
}
